{"E:\\Rep\\nft-marketplace\\nft-marketplace-backend\\server\\middlewares\\not-found.ts": {"path":"E:\\Rep\\nft-marketplace\\nft-marketplace-backend\\server\\middlewares\\not-found.ts","statementMap":{"0":{"start":{"line":3,"column":17},"end":{"line":5,"column":1}},"1":{"start":{"line":4,"column":2},"end":{"line":4,"column":54}}},"fnMap":{"0":{"name":"(anonymous_0)","decl":{"start":{"line":3,"column":17},"end":{"line":3,"column":18}},"loc":{"start":{"line":3,"column":50},"end":{"line":5,"column":1}},"line":3}},"branchMap":{},"s":{"0":1,"1":1},"f":{"0":1},"b":{},"_coverageSchema":"1a1c01bbd47fc00a2c39e90264f33305004495a9","hash":"7fa576debc8d05cd5952ae01e525a4cb6cb4684e"}
}
